<?xml version="1.0" encoding="UTF-8"?>
<testsuite xmlns:xsi="http://www.w3.org/2001/XMLSchema-instance" xsi:noNamespaceSchemaLocation="https://maven.apache.org/surefire/maven-surefire-plugin/xsd/surefire-test-report-3.0.xsd" version="3.0" name="StringCalculatorTest" time="0.048" tests="6" errors="5" skipped="0" failures="0">
  <properties>
[...]
</properties>
  <testcase name="givenAStringWithSeveralNumbersReturnsSum" classname="StringCalculatorTest" time="0.016">
    <error message="Index 4 out of bounds for length 4" type="java.lang.IndexOutOfBoundsException"><![CDATA[java.lang.IndexOutOfBoundsException: Index 4 out of bounds for length 4
	at java.base/jdk.internal.util.Preconditions.outOfBounds(Preconditions.java:100)
	at java.base/jdk.internal.util.Preconditions.outOfBoundsCheckIndex(Preconditions.java:106)
	at java.base/jdk.internal.util.Preconditions.checkIndex(Preconditions.java:302)
	at java.base/java.util.Objects.checkIndex(Objects.java:365)
	at java.base/java.util.ArrayList.get(ArrayList.java:428)
	at StringCalculator.hasNegative(StringCalculator.java:29)
	at StringCalculator.add(StringCalculator.java:9)
	at StringCalculatorTest.givenAStringWithSeveralNumbersReturnsSum(StringCalculatorTest.java:66)
	at java.base/java.lang.reflect.Method.invoke(Method.java:580)
	at java.base/java.util.ArrayList.forEach(ArrayList.java:1597)
	at java.base/java.util.ArrayList.forEach(ArrayList.java:1597)
]]></error>
  </testcase>
  <testcase name="givenAStringWithOneNumberReturnThatNumber" classname="StringCalculatorTest" time="0.005">
    <error message="Index 1 out of bounds for length 1" type="java.lang.IndexOutOfBoundsException"><![CDATA[java.lang.IndexOutOfBoundsException: Index 1 out of bounds for length 1
	at java.base/jdk.internal.util.Preconditions.outOfBounds(Preconditions.java:100)
	at java.base/jdk.internal.util.Preconditions.outOfBoundsCheckIndex(Preconditions.java:106)
	at java.base/jdk.internal.util.Preconditions.checkIndex(Preconditions.java:302)
	at java.base/java.util.Objects.checkIndex(Objects.java:365)
	at java.base/java.util.ArrayList.get(ArrayList.java:428)
	at StringCalculator.hasNegative(StringCalculator.java:29)
	at StringCalculator.add(StringCalculator.java:9)
	at StringCalculatorTest.givenAStringWithOneNumberReturnThatNumber(StringCalculatorTest.java:40)
	at java.base/java.lang.reflect.Method.invoke(Method.java:580)
	at java.base/java.util.ArrayList.forEach(ArrayList.java:1597)
	at java.base/java.util.ArrayList.forEach(ArrayList.java:1597)
]]></error>
  </testcase>
  <testcase name="givenAStringWithSeveralNumbersSeparatedByUserDefinedDelimiter" classname="StringCalculatorTest" time="0.002">
    <error message="Index 4 out of bounds for length 4" type="java.lang.IndexOutOfBoundsException"><![CDATA[java.lang.IndexOutOfBoundsException: Index 4 out of bounds for length 4
	at java.base/jdk.internal.util.Preconditions.outOfBounds(Preconditions.java:100)
	at java.base/jdk.internal.util.Preconditions.outOfBoundsCheckIndex(Preconditions.java:106)
	at java.base/jdk.internal.util.Preconditions.checkIndex(Preconditions.java:302)
	at java.base/java.util.Objects.checkIndex(Objects.java:365)
	at java.base/java.util.ArrayList.get(ArrayList.java:428)
	at StringCalculator.hasNegative(StringCalculator.java:29)
	at StringCalculator.add(StringCalculator.java:9)
	at StringCalculatorTest.givenAStringWithSeveralNumbersSeparatedByUserDefinedDelimiter(StringCalculatorTest.java:92)
	at java.base/java.lang.reflect.Method.invoke(Method.java:580)
	at java.base/java.util.ArrayList.forEach(ArrayList.java:1597)
	at java.base/java.util.ArrayList.forEach(ArrayList.java:1597)
]]></error>
  </testcase>
  <testcase name="givenAStringWithTwoNumbersReturnsSum" classname="StringCalculatorTest" time="0.001">
    <error message="Index 2 out of bounds for length 2" type="java.lang.IndexOutOfBoundsException"><![CDATA[java.lang.IndexOutOfBoundsException: Index 2 out of bounds for length 2
	at java.base/jdk.internal.util.Preconditions.outOfBounds(Preconditions.java:100)
	at java.base/jdk.internal.util.Preconditions.outOfBoundsCheckIndex(Preconditions.java:106)
	at java.base/jdk.internal.util.Preconditions.checkIndex(Preconditions.java:302)
	at java.base/java.util.Objects.checkIndex(Objects.java:365)
	at java.base/java.util.ArrayList.get(ArrayList.java:428)
	at StringCalculator.hasNegative(StringCalculator.java:29)
	at StringCalculator.add(StringCalculator.java:9)
	at StringCalculatorTest.givenAStringWithTwoNumbersReturnsSum(StringCalculatorTest.java:53)
	at java.base/java.lang.reflect.Method.invoke(Method.java:580)
	at java.base/java.util.ArrayList.forEach(ArrayList.java:1597)
	at java.base/java.util.ArrayList.forEach(ArrayList.java:1597)
]]></error>
  </testcase>
  <testcase name="givenAnEmptyStringWhenAddThenReturnZero" classname="StringCalculatorTest" time="0.003"/>
  <testcase name="givenAStringWithSeveralNumbersSeparatedByCommasOrEndOfLine" classname="StringCalculatorTest" time="0.002">
    <error message="Index 4 out of bounds for length 4" type="java.lang.IndexOutOfBoundsException"><![CDATA[java.lang.IndexOutOfBoundsException: Index 4 out of bounds for length 4
	at java.base/jdk.internal.util.Preconditions.outOfBounds(Preconditions.java:100)
	at java.base/jdk.internal.util.Preconditions.outOfBoundsCheckIndex(Preconditions.java:106)
	at java.base/jdk.internal.util.Preconditions.checkIndex(Preconditions.java:302)
	at java.base/java.util.Objects.checkIndex(Objects.java:365)
	at java.base/java.util.ArrayList.get(ArrayList.java:428)
	at StringCalculator.hasNegative(StringCalculator.java:29)
	at StringCalculator.add(StringCalculator.java:9)
	at StringCalculatorTest.givenAStringWithSeveralNumbersSeparatedByCommasOrEndOfLine(StringCalculatorTest.java:79)
	at java.base/java.lang.reflect.Method.invoke(Method.java:580)
	at java.base/java.util.ArrayList.forEach(ArrayList.java:1597)
	at java.base/java.util.ArrayList.forEach(ArrayList.java:1597)
]]></error>
  </testcase>
</testsuite>