<?xml version="1.0" encoding="UTF-8"?>
<testsuite xmlns:xsi="http://www.w3.org/2001/XMLSchema-instance" xsi:noNamespaceSchemaLocation="https://maven.apache.org/surefire/maven-surefire-plugin/xsd/surefire-test-report-3.0.xsd" version="3.0" name="StringCalculatorTest" time="0.051" tests="7" errors="0" skipped="0" failures="0">
  <properties>
[...]
</properties>
  <testcase name="givenAStringWithSeveralNumbersReturnsSum" classname="StringCalculatorTest" time="0.021"/>
  <testcase name="givenAStringWithOneNumberReturnThatNumber" classname="StringCalculatorTest" time="0.001"/>
  <testcase name="givenAStringWithSeveralNumbersSeparatedByUserDefinedDelimiter" classname="StringCalculatorTest" time="0.001"/>
  <testcase name="givenAStringWithTwoNumbersReturnsSum" classname="StringCalculatorTest" time="0.001"/>
  <testcase name="givenAStringWithNegativeNumbersThrowsException" classname="StringCalculatorTest" time="0.003"/>
  <testcase name="givenAnEmptyStringWhenAddThenReturnZero" classname="StringCalculatorTest" time="0.001"/>
  <testcase name="givenAStringWithSeveralNumbersSeparatedByCommasOrEndOfLine" classname="StringCalculatorTest" time="0.001"/>
</testsuite>